<?xml version="1.0" encoding="UTF-8"?>
<testng-results skipped="0" failed="0" ignored="0" total="2" passed="2">
  <reporter-output>
  </reporter-output>
  <suite name="Default suite" duration-ms="86892" started-at="2017-03-02T04:50:14Z" finished-at="2017-03-02T04:51:41Z">
    <groups>
    </groups>
    <test name="Default test" duration-ms="86892" started-at="2017-03-02T04:50:14Z" finished-at="2017-03-02T04:51:41Z">
      <class name="appModules.SignUpComapny">
        <test-method status="PASS" signature="setUp()[pri:0, instance:appModules.SignUpComapny@598067a5]" name="setUp" is-config="true" duration-ms="10364" started-at="2017-03-02T11:50:14Z" finished-at="2017-03-02T11:50:24Z">
          <reporter-output>
          </reporter-output>
        </test-method> <!-- setUp -->
        <test-method status="PASS" signature="testLogin()[pri:0, instance:appModules.SignUpComapny@598067a5]" name="testLogin" duration-ms="5" started-at="2017-03-02T11:50:24Z" finished-at="2017-03-02T11:50:24Z">
          <reporter-output>
          </reporter-output>
        </test-method> <!-- testLogin -->
        <test-method status="PASS" signature="teardown()[pri:0, instance:appModules.SignUpComapny@598067a5]" name="teardown" is-config="true" duration-ms="1284" started-at="2017-03-02T11:50:24Z" finished-at="2017-03-02T11:50:25Z">
          <reporter-output>
          </reporter-output>
        </test-method> <!-- teardown -->
        <test-method status="PASS" signature="setUp()[pri:0, instance:appModules.SignUpComapny@598067a5]" name="setUp" is-config="true" duration-ms="14012" started-at="2017-03-02T11:50:25Z" finished-at="2017-03-02T11:50:39Z">
          <reporter-output>
          </reporter-output>
        </test-method> <!-- setUp -->
        <test-method status="PASS" signature="test_upload_company_logo()[pri:0, instance:appModules.SignUpComapny@598067a5]" name="test_upload_company_logo" duration-ms="59828" started-at="2017-03-02T11:50:39Z" finished-at="2017-03-02T11:51:39Z">
          <reporter-output>
          </reporter-output>
        </test-method> <!-- test_upload_company_logo -->
        <test-method status="PASS" signature="teardown()[pri:0, instance:appModules.SignUpComapny@598067a5]" name="teardown" is-config="true" duration-ms="1375" started-at="2017-03-02T11:51:39Z" finished-at="2017-03-02T11:51:41Z">
          <reporter-output>
          </reporter-output>
        </test-method> <!-- teardown -->
      </class> <!-- appModules.SignUpComapny -->
    </test> <!-- Default test -->
  </suite> <!-- Default suite -->
</testng-results>
